Using pre-set license
Built from '2020.3/staging' branch; Version is '2020.3.13f1 (71691879b7f5) revision 7432472'; Using compiler version '192528614'; Build Type 'Release'
OS: 'Windows 10 Pro; OS build 19042.1083; Version 2009; 64bit' Language: 'ko' Physical Memory: 8131 MB
BatchMode: 1, IsHumanControllingUs: 0, StartBugReporterOnCrash: 0, Is64bit: 1, IsPro: 0

 COMMAND LINE ARGUMENTS:
C:\Program Files\Unity\Hub\Editor\2020.3.13f1\Editor\Unity.exe
-adb2
-batchMode
-noUpm
-name
AssetImportWorker0
-projectPath
C:/Users/2-pc/Desktop/2D----------/강의 프로젝트
-logFile
Logs/AssetImportWorker0.log
-srvPort
53093
Successfully changed project path to: C:/Users/2-pc/Desktop/2D----------/강의 프로젝트
C:/Users/2-pc/Desktop/2D----------/강의 프로젝트
Using Asset Import Pipeline V2.
Refreshing native plugins compatible for Editor in 89.83 ms, found 3 plugins.
Preloading 0 native plugins for Editor in 0.00 ms.
Initialize engine version: 2020.3.13f1 (71691879b7f5)
[Subsystems] Discovering subsystems at path C:/Program Files/Unity/Hub/Editor/2020.3.13f1/Editor/Data/Resources/UnitySubsystems
[Subsystems] Discovering subsystems at path C:/Users/2-pc/Desktop/2D----------/강의 프로젝트/Assets
GfxDevice: creating device client; threaded=0
Direct3D:
    Version:  Direct3D 11.0 [level 11.1]
    Renderer: NVIDIA GeForce GTX 960 (ID=0x1401)
    Vendor:   
    VRAM:     2007 MB
    Driver:   27.21.14.6172
Initialize mono
Mono path[0] = 'C:/Program Files/Unity/Hub/Editor/2020.3.13f1/Editor/Data/Managed'
Mono path[1] = 'C:/Program Files/Unity/Hub/Editor/2020.3.13f1/Editor/Data/MonoBleedingEdge/lib/mono/unityjit'
Mono config path = 'C:/Program Files/Unity/Hub/Editor/2020.3.13f1/Editor/Data/MonoBleedingEdge/etc'
Using monoOptions --debugger-agent=transport=dt_socket,embedding=1,server=y,suspend=n,address=127.0.0.1:56700
Begin MonoManager ReloadAssembly
Registering precompiled unity dll's ...
Register platform support module: C:/Program Files/Unity/Hub/Editor/2020.3.13f1/Editor/Data/PlaybackEngines/WebGLSupport/UnityEditor.WebGL.Extensions.dll
Register platform support module: C:/Program Files/Unity/Hub/Editor/2020.3.13f1/Editor/Data/PlaybackEngines/WindowsStandaloneSupport/UnityEditor.WindowsStandalone.Extensions.dll
Registered in 0.009488 seconds.
Native extension for WindowsStandalone target not found
Native extension for WebGL target not found
Refreshing native plugins compatible for Editor in 118.22 ms, found 3 plugins.
Preloading 0 native plugins for Editor in 0.00 ms.
Mono: successfully reloaded assembly
- Completed reload, in  4.180 seconds
Platform modules already initialized, skipping
Registering precompiled user dll's ...
Registered in 0.021479 seconds.
Begin MonoManager ReloadAssembly
Native extension for WindowsStandalone target not found
Native extension for WebGL target not found
Refreshing native plugins compatible for Editor in 60.32 ms, found 3 plugins.
Preloading 0 native plugins for Editor in 0.00 ms.
Mono: successfully reloaded assembly
- Completed reload, in  1.964 seconds
Platform modules already initialized, skipping
========================================================================
Worker process is ready to serve import requests
Launched and connected shader compiler UnityShaderCompiler.exe after 0.14 seconds
Refreshing native plugins compatible for Editor in 0.54 ms, found 3 plugins.
Preloading 0 native plugins for Editor in 0.00 ms.
Unloading 2084 Unused Serialized files (Serialized files now loaded: 0)
System memory in use before: 93.0 MB.
System memory in use after: 92.9 MB.

Unloading 33 unused Assets to reduce memory usage. Loaded Objects now: 2518.
Total: 3.210400 ms (FindLiveObjects: 0.282500 ms CreateObjectMapping: 0.182500 ms MarkObjects: 2.572200 ms  DeleteObjects: 0.171500 ms)

AssetImportParameters requested are different than current active one (requested -> active):
  custom:framework-win-MediaFoundation: 216162199b28c13a410421893ffa2e32 -> 
  custom:video-decoder-ogg-theora: a1e56fd34408186e4bbccfd4996cb3dc -> 
  custom:container-muxer-webm: aa71ff27fc2769a1b78a27578f13a17b -> 
  custom:container-demuxer-webm: 4f35f7cbe854078d1ac9338744f61a02 -> 
  custom:container-demuxer-ogg: 62fdf1f143b41e24485cea50d1cbac27 -> 
  custom:video-encoder-webm-vp8: eb34c28f22e8b96e1ab97ce403110664 -> 
  custom:video-decoder-webm-vp8: 9c59270c3fd7afecdb556c50c9e8de78 -> 
  custom:audio-decoder-ogg-vorbis: bf7c407c2cedff20999df2af8eb42d56 -> 
  custom:audio-encoder-webm-vorbis: bf7c407c2cedff20999df2af8eb42d56 -> 
========================================================================
Received Import Request.
  path: Assets/Animation/Enemy 2.overrideController
  artifactKey: Guid(3f2ae1a042d4a31479fba9eda1536974) Importer(815301076,1909f56bfc062723c751e8b465ee728b)
Start importing Assets/Animation/Enemy 2.overrideController using Guid(3f2ae1a042d4a31479fba9eda1536974) Importer(815301076,1909f56bfc062723c751e8b465ee728b)  -> (artifact id: '52a946492f3a232986bd380d3fb0502c') in 0.096968 seconds 
  Import took 0.103820 seconds .

========================================================================
Received Import Request.
  Time since last request: 92.025579 seconds.
  path: Assets/prefabs/Enemy 1.prefab
  artifactKey: Guid(f95a79bfacee73847b6b559538e298d1) Importer(815301076,1909f56bfc062723c751e8b465ee728b)
Start importing Assets/prefabs/Enemy 1.prefab using Guid(f95a79bfacee73847b6b559538e298d1) Importer(815301076,1909f56bfc062723c751e8b465ee728b)  -> (artifact id: '76bee75f1ecb049565da162efb5d6ed0') in 0.090127 seconds 
  Import took 0.100197 seconds .

========================================================================
Received Import Request.
  Time since last request: 8.407877 seconds.
  path: Assets/prefabs/Enemy 2.prefab
  artifactKey: Guid(8851cef5e6b9abd44baea25611a0fd7d) Importer(815301076,1909f56bfc062723c751e8b465ee728b)
Start importing Assets/prefabs/Enemy 2.prefab using Guid(8851cef5e6b9abd44baea25611a0fd7d) Importer(815301076,1909f56bfc062723c751e8b465ee728b)  -> (artifact id: '114e75325c18c061dcab7a1bd41ae6f8') in 0.055819 seconds 
  Import took 0.081964 seconds .

========================================================================
Received Import Request.
  Time since last request: 7.958677 seconds.
  path: Assets/prefabs/Player.prefab
  artifactKey: Guid(4420d9e25162f0a4a93e47e8519b3d5b) Importer(815301076,1909f56bfc062723c751e8b465ee728b)
Start importing Assets/prefabs/Player.prefab using Guid(4420d9e25162f0a4a93e47e8519b3d5b) Importer(815301076,1909f56bfc062723c751e8b465ee728b)  -> (artifact id: '96205592dc6b0083d7169756fd5530f0') in 0.011227 seconds 
  Import took 0.017752 seconds .

========================================================================
Received Import Request.
  Time since last request: 0.012384 seconds.
  path: Assets/prefabs/Player.prefab
  artifactKey: Guid(4420d9e25162f0a4a93e47e8519b3d5b) Importer(815301076,1909f56bfc062723c751e8b465ee728b)
Start importing Assets/prefabs/Player.prefab using Guid(4420d9e25162f0a4a93e47e8519b3d5b) Importer(815301076,1909f56bfc062723c751e8b465ee728b)  -> (artifact id: '96205592dc6b0083d7169756fd5530f0') in 0.009971 seconds 
  Import took 0.019638 seconds .

========================================================================
Received Import Request.
  Time since last request: 2.768499 seconds.
  path: Assets/prefabs/Player.prefab
  artifactKey: Guid(4420d9e25162f0a4a93e47e8519b3d5b) Importer(815301076,1909f56bfc062723c751e8b465ee728b)
Start importing Assets/prefabs/Player.prefab using Guid(4420d9e25162f0a4a93e47e8519b3d5b) Importer(815301076,1909f56bfc062723c751e8b465ee728b)  -> (artifact id: 'df9f878af5ea7645b2bef017f2bb5808') in 0.009689 seconds 
  Import took 0.015126 seconds .

========================================================================
Received Import Request.
  Time since last request: 0.013776 seconds.
  path: Assets/prefabs/Player.prefab
  artifactKey: Guid(4420d9e25162f0a4a93e47e8519b3d5b) Importer(815301076,1909f56bfc062723c751e8b465ee728b)
Start importing Assets/prefabs/Player.prefab using Guid(4420d9e25162f0a4a93e47e8519b3d5b) Importer(815301076,1909f56bfc062723c751e8b465ee728b)  -> (artifact id: 'df9f878af5ea7645b2bef017f2bb5808') in 0.010436 seconds 
  Import took 0.016748 seconds .

========================================================================
Received Import Request.
  Time since last request: 0.959963 seconds.
  path: Assets/prefabs/Player.prefab
  artifactKey: Guid(4420d9e25162f0a4a93e47e8519b3d5b) Importer(815301076,1909f56bfc062723c751e8b465ee728b)
Start importing Assets/prefabs/Player.prefab using Guid(4420d9e25162f0a4a93e47e8519b3d5b) Importer(815301076,1909f56bfc062723c751e8b465ee728b)  -> (artifact id: '10af06241c3de4bc8a7a6808e2689974') in 0.010906 seconds 
  Import took 0.017088 seconds .

========================================================================
Received Import Request.
  Time since last request: 0.009970 seconds.
  path: Assets/prefabs/Player.prefab
  artifactKey: Guid(4420d9e25162f0a4a93e47e8519b3d5b) Importer(815301076,1909f56bfc062723c751e8b465ee728b)
Start importing Assets/prefabs/Player.prefab using Guid(4420d9e25162f0a4a93e47e8519b3d5b) Importer(815301076,1909f56bfc062723c751e8b465ee728b)  -> (artifact id: '10af06241c3de4bc8a7a6808e2689974') in 0.011287 seconds 
  Import took 0.016167 seconds .

========================================================================
Received Import Request.
  Time since last request: 6.196717 seconds.
  path: Assets/prefabs/Enemy 2.prefab
  artifactKey: Guid(8851cef5e6b9abd44baea25611a0fd7d) Importer(815301076,1909f56bfc062723c751e8b465ee728b)
Start importing Assets/prefabs/Enemy 2.prefab using Guid(8851cef5e6b9abd44baea25611a0fd7d) Importer(815301076,1909f56bfc062723c751e8b465ee728b)  -> (artifact id: '2e00729ff2bf800f02ec3fe5ea1a853a') in 0.010108 seconds 
  Import took 0.017252 seconds .

========================================================================
Received Import Request.
  Time since last request: 0.010026 seconds.
  path: Assets/prefabs/Enemy 2.prefab
  artifactKey: Guid(8851cef5e6b9abd44baea25611a0fd7d) Importer(815301076,1909f56bfc062723c751e8b465ee728b)
Start importing Assets/prefabs/Enemy 2.prefab using Guid(8851cef5e6b9abd44baea25611a0fd7d) Importer(815301076,1909f56bfc062723c751e8b465ee728b)  -> (artifact id: '2e00729ff2bf800f02ec3fe5ea1a853a') in 0.012752 seconds 
  Import took 0.018658 seconds .

========================================================================
Received Import Request.
  Time since last request: 0.963987 seconds.
  path: Assets/prefabs/Enemy 2.prefab
  artifactKey: Guid(8851cef5e6b9abd44baea25611a0fd7d) Importer(815301076,1909f56bfc062723c751e8b465ee728b)
Start importing Assets/prefabs/Enemy 2.prefab using Guid(8851cef5e6b9abd44baea25611a0fd7d) Importer(815301076,1909f56bfc062723c751e8b465ee728b)  -> (artifact id: 'c34ddbc60229febb265967688f040f7e') in 0.011947 seconds 
  Import took 0.023978 seconds .

========================================================================
Received Import Request.
  Time since last request: 0.002725 seconds.
  path: Assets/prefabs/Enemy 2.prefab
  artifactKey: Guid(8851cef5e6b9abd44baea25611a0fd7d) Importer(815301076,1909f56bfc062723c751e8b465ee728b)
Start importing Assets/prefabs/Enemy 2.prefab using Guid(8851cef5e6b9abd44baea25611a0fd7d) Importer(815301076,1909f56bfc062723c751e8b465ee728b)  -> (artifact id: 'c34ddbc60229febb265967688f040f7e') in 0.013496 seconds 
  Import took 0.023574 seconds .

========================================================================
Received Import Request.
  Time since last request: 146.045923 seconds.
  path: Assets/Scripts
  artifactKey: Guid(da5c585ae342bdd4bbd327252a459a32) Importer(815301076,1909f56bfc062723c751e8b465ee728b)
Start importing Assets/Scripts using Guid(da5c585ae342bdd4bbd327252a459a32) Importer(815301076,1909f56bfc062723c751e8b465ee728b)  -> (artifact id: 'c74a80494d678a11797f991ef635d839') in 0.021511 seconds 
  Import took 0.037510 seconds .

========================================================================
Received Prepare
Registering precompiled user dll's ...
Registered in 0.031407 seconds.
Begin MonoManager ReloadAssembly
Native extension for WindowsStandalone target not found
Native extension for WebGL target not found
Refreshing native plugins compatible for Editor in 9.14 ms, found 3 plugins.
Preloading 0 native plugins for Editor in 0.00 ms.
Mono: successfully reloaded assembly
- Completed reload, in  3.759 seconds
Platform modules already initialized, skipping
Refreshing native plugins compatible for Editor in 1.07 ms, found 3 plugins.
Preloading 0 native plugins for Editor in 0.00 ms.
Unloading 2079 Unused Serialized files (Serialized files now loaded: 0)
System memory in use before: 92.9 MB.
System memory in use after: 92.9 MB.

Unloading 21 unused Assets to reduce memory usage. Loaded Objects now: 2522.
Total: 30.639200 ms (FindLiveObjects: 1.145500 ms CreateObjectMapping: 0.369100 ms MarkObjects: 28.174500 ms  DeleteObjects: 0.947100 ms)

AssetImportParameters requested are different than current active one (requested -> active):
  custom:framework-win-MediaFoundation: 216162199b28c13a410421893ffa2e32 -> 
  custom:video-decoder-ogg-theora: a1e56fd34408186e4bbccfd4996cb3dc -> 
  custom:container-muxer-webm: aa71ff27fc2769a1b78a27578f13a17b -> 
  custom:container-demuxer-webm: 4f35f7cbe854078d1ac9338744f61a02 -> 
  custom:container-demuxer-ogg: 62fdf1f143b41e24485cea50d1cbac27 -> 
  custom:video-encoder-webm-vp8: eb34c28f22e8b96e1ab97ce403110664 -> 
  custom:video-decoder-webm-vp8: 9c59270c3fd7afecdb556c50c9e8de78 -> 
  custom:audio-decoder-ogg-vorbis: bf7c407c2cedff20999df2af8eb42d56 -> 
  custom:audio-encoder-webm-vorbis: bf7c407c2cedff20999df2af8eb42d56 -> 
========================================================================
Received Prepare
Registering precompiled user dll's ...
Registered in 0.039731 seconds.
Begin MonoManager ReloadAssembly
Native extension for WindowsStandalone target not found
Native extension for WebGL target not found
Refreshing native plugins compatible for Editor in 1.33 ms, found 3 plugins.
Preloading 0 native plugins for Editor in 0.00 ms.
Mono: successfully reloaded assembly
- Completed reload, in  2.509 seconds
Platform modules already initialized, skipping
Refreshing native plugins compatible for Editor in 5.85 ms, found 3 plugins.
Preloading 0 native plugins for Editor in 0.00 ms.
Unloading 2079 Unused Serialized files (Serialized files now loaded: 0)
System memory in use before: 93.0 MB.
System memory in use after: 93.0 MB.

Unloading 21 unused Assets to reduce memory usage. Loaded Objects now: 2526.
Total: 6.597500 ms (FindLiveObjects: 0.375800 ms CreateObjectMapping: 0.247200 ms MarkObjects: 5.676000 ms  DeleteObjects: 0.296100 ms)

AssetImportParameters requested are different than current active one (requested -> active):
  custom:framework-win-MediaFoundation: 216162199b28c13a410421893ffa2e32 -> 
  custom:video-decoder-ogg-theora: a1e56fd34408186e4bbccfd4996cb3dc -> 
  custom:container-muxer-webm: aa71ff27fc2769a1b78a27578f13a17b -> 
  custom:container-demuxer-webm: 4f35f7cbe854078d1ac9338744f61a02 -> 
  custom:container-demuxer-ogg: 62fdf1f143b41e24485cea50d1cbac27 -> 
  custom:video-encoder-webm-vp8: eb34c28f22e8b96e1ab97ce403110664 -> 
  custom:video-decoder-webm-vp8: 9c59270c3fd7afecdb556c50c9e8de78 -> 
  custom:audio-decoder-ogg-vorbis: bf7c407c2cedff20999df2af8eb42d56 -> 
  custom:audio-encoder-webm-vorbis: bf7c407c2cedff20999df2af8eb42d56 -> 
========================================================================
Received Import Request.
  Time since last request: 61.432176 seconds.
  path: Assets/Scripts/TestCode.cs
  artifactKey: Guid(533bb64f2d507f64fa67d7d9b012acdd) Importer(815301076,1909f56bfc062723c751e8b465ee728b)
Start importing Assets/Scripts/TestCode.cs using Guid(533bb64f2d507f64fa67d7d9b012acdd) Importer(815301076,1909f56bfc062723c751e8b465ee728b)  -> (artifact id: '8c59ae31237957de71ee21f721102854') in 0.164741 seconds 
  Import took 0.276351 seconds .

========================================================================
Received Prepare
Registering precompiled user dll's ...
Registered in 0.026251 seconds.
Begin MonoManager ReloadAssembly
Native extension for WindowsStandalone target not found
Native extension for WebGL target not found
Refreshing native plugins compatible for Editor in 0.68 ms, found 3 plugins.
Preloading 0 native plugins for Editor in 0.00 ms.
Mono: successfully reloaded assembly
- Completed reload, in  3.037 seconds
Platform modules already initialized, skipping
Refreshing native plugins compatible for Editor in 1.88 ms, found 3 plugins.
Preloading 0 native plugins for Editor in 0.00 ms.
Unloading 2080 Unused Serialized files (Serialized files now loaded: 0)
System memory in use before: 93.0 MB.
System memory in use after: 93.0 MB.

Unloading 21 unused Assets to reduce memory usage. Loaded Objects now: 2531.
Total: 9.698400 ms (FindLiveObjects: 0.566600 ms CreateObjectMapping: 0.400100 ms MarkObjects: 8.589300 ms  DeleteObjects: 0.140400 ms)

AssetImportParameters requested are different than current active one (requested -> active):
  custom:framework-win-MediaFoundation: 216162199b28c13a410421893ffa2e32 -> 
  custom:video-decoder-ogg-theora: a1e56fd34408186e4bbccfd4996cb3dc -> 
  custom:container-muxer-webm: aa71ff27fc2769a1b78a27578f13a17b -> 
  custom:container-demuxer-webm: 4f35f7cbe854078d1ac9338744f61a02 -> 
  custom:container-demuxer-ogg: 62fdf1f143b41e24485cea50d1cbac27 -> 
  custom:video-encoder-webm-vp8: eb34c28f22e8b96e1ab97ce403110664 -> 
  custom:video-decoder-webm-vp8: 9c59270c3fd7afecdb556c50c9e8de78 -> 
  custom:audio-decoder-ogg-vorbis: bf7c407c2cedff20999df2af8eb42d56 -> 
  custom:audio-encoder-webm-vorbis: bf7c407c2cedff20999df2af8eb42d56 -> 
========================================================================
Received Prepare
Registering precompiled user dll's ...
Registered in 0.051373 seconds.
Begin MonoManager ReloadAssembly
Native extension for WindowsStandalone target not found
Native extension for WebGL target not found
Refreshing native plugins compatible for Editor in 0.74 ms, found 3 plugins.
Preloading 0 native plugins for Editor in 0.00 ms.
Mono: successfully reloaded assembly
- Completed reload, in  4.215 seconds
Platform modules already initialized, skipping
Refreshing native plugins compatible for Editor in 0.70 ms, found 3 plugins.
Preloading 0 native plugins for Editor in 0.00 ms.
Unloading 2080 Unused Serialized files (Serialized files now loaded: 0)
System memory in use before: 93.0 MB.
System memory in use after: 93.0 MB.

Unloading 21 unused Assets to reduce memory usage. Loaded Objects now: 2535.
Total: 8.643900 ms (FindLiveObjects: 0.273000 ms CreateObjectMapping: 0.169900 ms MarkObjects: 8.038300 ms  DeleteObjects: 0.160500 ms)

AssetImportParameters requested are different than current active one (requested -> active):
  custom:framework-win-MediaFoundation: 216162199b28c13a410421893ffa2e32 -> 
  custom:video-decoder-ogg-theora: a1e56fd34408186e4bbccfd4996cb3dc -> 
  custom:container-muxer-webm: aa71ff27fc2769a1b78a27578f13a17b -> 
  custom:container-demuxer-webm: 4f35f7cbe854078d1ac9338744f61a02 -> 
  custom:container-demuxer-ogg: 62fdf1f143b41e24485cea50d1cbac27 -> 
  custom:video-encoder-webm-vp8: eb34c28f22e8b96e1ab97ce403110664 -> 
  custom:video-decoder-webm-vp8: 9c59270c3fd7afecdb556c50c9e8de78 -> 
  custom:audio-decoder-ogg-vorbis: bf7c407c2cedff20999df2af8eb42d56 -> 
  custom:audio-encoder-webm-vorbis: bf7c407c2cedff20999df2af8eb42d56 -> 
========================================================================
Received Import Request.
  Time since last request: 247.645766 seconds.
  path: Assets/Scripts/GameManager.cs
  artifactKey: Guid(6f5dbc415e93c334f8c19040b64126dc) Importer(815301076,1909f56bfc062723c751e8b465ee728b)
Start importing Assets/Scripts/GameManager.cs using Guid(6f5dbc415e93c334f8c19040b64126dc) Importer(815301076,1909f56bfc062723c751e8b465ee728b)  -> (artifact id: '3b0bf4e9d26e8bfc892dddd367e29178') in 0.169989 seconds 
  Import took 0.204331 seconds .

========================================================================
Received Prepare
Registering precompiled user dll's ...
Registered in 0.035693 seconds.
Begin MonoManager ReloadAssembly
Native extension for WindowsStandalone target not found
Native extension for WebGL target not found
Refreshing native plugins compatible for Editor in 0.65 ms, found 3 plugins.
Preloading 0 native plugins for Editor in 0.00 ms.
Mono: successfully reloaded assembly
- Completed reload, in 14.951 seconds
Platform modules already initialized, skipping
Refreshing native plugins compatible for Editor in 1.07 ms, found 3 plugins.
Preloading 0 native plugins for Editor in 0.00 ms.
Unloading 2081 Unused Serialized files (Serialized files now loaded: 0)
System memory in use before: 93.1 MB.
System memory in use after: 93.1 MB.

Unloading 21 unused Assets to reduce memory usage. Loaded Objects now: 2540.
Total: 60.996500 ms (FindLiveObjects: 3.768300 ms CreateObjectMapping: 0.244500 ms MarkObjects: 56.798300 ms  DeleteObjects: 0.181000 ms)

AssetImportParameters requested are different than current active one (requested -> active):
  custom:framework-win-MediaFoundation: 216162199b28c13a410421893ffa2e32 -> 
  custom:video-decoder-ogg-theora: a1e56fd34408186e4bbccfd4996cb3dc -> 
  custom:container-muxer-webm: aa71ff27fc2769a1b78a27578f13a17b -> 
  custom:container-demuxer-webm: 4f35f7cbe854078d1ac9338744f61a02 -> 
  custom:container-demuxer-ogg: 62fdf1f143b41e24485cea50d1cbac27 -> 
  custom:video-encoder-webm-vp8: eb34c28f22e8b96e1ab97ce403110664 -> 
  custom:video-decoder-webm-vp8: 9c59270c3fd7afecdb556c50c9e8de78 -> 
  custom:audio-decoder-ogg-vorbis: bf7c407c2cedff20999df2af8eb42d56 -> 
  custom:audio-encoder-webm-vorbis: bf7c407c2cedff20999df2af8eb42d56 -> 
========================================================================
Received Import Request.
  Time since last request: 942.255329 seconds.
  path: Assets/Scripts/BoardManager.cs
  artifactKey: Guid(702e25cea9a87d94bbaa0fa2ed0bcc88) Importer(815301076,1909f56bfc062723c751e8b465ee728b)
Start importing Assets/Scripts/BoardManager.cs using Guid(702e25cea9a87d94bbaa0fa2ed0bcc88) Importer(815301076,1909f56bfc062723c751e8b465ee728b)  -> (artifact id: '6a4bccc9b2e8ba9422c3411dd970d71e') in 0.199383 seconds 
  Import took 0.237390 seconds .

========================================================================
Received Prepare
Registering precompiled user dll's ...
Registered in 0.052968 seconds.
Begin MonoManager ReloadAssembly
Native extension for WindowsStandalone target not found
Native extension for WebGL target not found
Refreshing native plugins compatible for Editor in 0.56 ms, found 3 plugins.
Preloading 0 native plugins for Editor in 0.00 ms.
Mono: successfully reloaded assembly
- Completed reload, in  7.100 seconds
Platform modules already initialized, skipping
Refreshing native plugins compatible for Editor in 3.74 ms, found 3 plugins.
Preloading 0 native plugins for Editor in 0.00 ms.
Unloading 2081 Unused Serialized files (Serialized files now loaded: 0)
System memory in use before: 93.1 MB.
System memory in use after: 93.1 MB.

Unloading 21 unused Assets to reduce memory usage. Loaded Objects now: 2544.
Total: 14.532100 ms (FindLiveObjects: 0.439000 ms CreateObjectMapping: 0.258800 ms MarkObjects: 13.651700 ms  DeleteObjects: 0.180500 ms)

AssetImportParameters requested are different than current active one (requested -> active):
  custom:framework-win-MediaFoundation: 216162199b28c13a410421893ffa2e32 -> 
  custom:video-decoder-ogg-theora: a1e56fd34408186e4bbccfd4996cb3dc -> 
  custom:container-muxer-webm: aa71ff27fc2769a1b78a27578f13a17b -> 
  custom:container-demuxer-webm: 4f35f7cbe854078d1ac9338744f61a02 -> 
  custom:container-demuxer-ogg: 62fdf1f143b41e24485cea50d1cbac27 -> 
  custom:video-encoder-webm-vp8: eb34c28f22e8b96e1ab97ce403110664 -> 
  custom:video-decoder-webm-vp8: 9c59270c3fd7afecdb556c50c9e8de78 -> 
  custom:audio-decoder-ogg-vorbis: bf7c407c2cedff20999df2af8eb42d56 -> 
  custom:audio-encoder-webm-vorbis: bf7c407c2cedff20999df2af8eb42d56 -> 
========================================================================
Received Prepare
Registering precompiled user dll's ...
Registered in 0.053395 seconds.
Begin MonoManager ReloadAssembly
Native extension for WindowsStandalone target not found
Native extension for WebGL target not found
Refreshing native plugins compatible for Editor in 1.54 ms, found 3 plugins.
Preloading 0 native plugins for Editor in 0.00 ms.
Mono: successfully reloaded assembly
- Completed reload, in  4.182 seconds
Platform modules already initialized, skipping
Refreshing native plugins compatible for Editor in 1.05 ms, found 3 plugins.
Preloading 0 native plugins for Editor in 0.00 ms.
Unloading 2081 Unused Serialized files (Serialized files now loaded: 0)
System memory in use before: 93.1 MB.
System memory in use after: 93.1 MB.

Unloading 21 unused Assets to reduce memory usage. Loaded Objects now: 2548.
Total: 3.244900 ms (FindLiveObjects: 0.274400 ms CreateObjectMapping: 0.193000 ms MarkObjects: 2.624900 ms  DeleteObjects: 0.151100 ms)

AssetImportParameters requested are different than current active one (requested -> active):
  custom:framework-win-MediaFoundation: 216162199b28c13a410421893ffa2e32 -> 
  custom:video-decoder-ogg-theora: a1e56fd34408186e4bbccfd4996cb3dc -> 
  custom:container-muxer-webm: aa71ff27fc2769a1b78a27578f13a17b -> 
  custom:container-demuxer-webm: 4f35f7cbe854078d1ac9338744f61a02 -> 
  custom:container-demuxer-ogg: 62fdf1f143b41e24485cea50d1cbac27 -> 
  custom:video-encoder-webm-vp8: eb34c28f22e8b96e1ab97ce403110664 -> 
  custom:video-decoder-webm-vp8: 9c59270c3fd7afecdb556c50c9e8de78 -> 
  custom:audio-decoder-ogg-vorbis: bf7c407c2cedff20999df2af8eb42d56 -> 
  custom:audio-encoder-webm-vorbis: bf7c407c2cedff20999df2af8eb42d56 -> 
========================================================================
Received Import Request.
  Time since last request: 1084.946732 seconds.
  path: Assets/Scripts/BoardManager.cs
  artifactKey: Guid(702e25cea9a87d94bbaa0fa2ed0bcc88) Importer(815301076,1909f56bfc062723c751e8b465ee728b)
Start importing Assets/Scripts/BoardManager.cs using Guid(702e25cea9a87d94bbaa0fa2ed0bcc88) Importer(815301076,1909f56bfc062723c751e8b465ee728b)  -> (artifact id: '299f01ce75e8b45173210f6d9defc8cc') in 0.033778 seconds 
  Import took 0.054504 seconds .

========================================================================
Received Import Request.
  Time since last request: 0.023984 seconds.
  path: Assets/Scripts/BoardManager.cs
  artifactKey: Guid(702e25cea9a87d94bbaa0fa2ed0bcc88) Importer(815301076,1909f56bfc062723c751e8b465ee728b)
Start importing Assets/Scripts/BoardManager.cs using Guid(702e25cea9a87d94bbaa0fa2ed0bcc88) Importer(815301076,1909f56bfc062723c751e8b465ee728b)  -> (artifact id: '299f01ce75e8b45173210f6d9defc8cc') in 0.044328 seconds 
  Import took 0.079430 seconds .

========================================================================
Received Prepare
Registering precompiled user dll's ...
Registered in 0.059340 seconds.
Begin MonoManager ReloadAssembly
Native extension for WindowsStandalone target not found
Native extension for WebGL target not found
Refreshing native plugins compatible for Editor in 4.58 ms, found 3 plugins.
Preloading 0 native plugins for Editor in 0.00 ms.
Mono: successfully reloaded assembly
- Completed reload, in  3.569 seconds
Platform modules already initialized, skipping
Refreshing native plugins compatible for Editor in 0.58 ms, found 3 plugins.
Preloading 0 native plugins for Editor in 0.00 ms.
Unloading 2081 Unused Serialized files (Serialized files now loaded: 0)
System memory in use before: 93.1 MB.
System memory in use after: 93.1 MB.

Unloading 21 unused Assets to reduce memory usage. Loaded Objects now: 2552.
Total: 10.416400 ms (FindLiveObjects: 0.980200 ms CreateObjectMapping: 0.383300 ms MarkObjects: 8.790900 ms  DeleteObjects: 0.259600 ms)

AssetImportParameters requested are different than current active one (requested -> active):
  custom:framework-win-MediaFoundation: 216162199b28c13a410421893ffa2e32 -> 
  custom:video-decoder-ogg-theora: a1e56fd34408186e4bbccfd4996cb3dc -> 
  custom:container-muxer-webm: aa71ff27fc2769a1b78a27578f13a17b -> 
  custom:container-demuxer-webm: 4f35f7cbe854078d1ac9338744f61a02 -> 
  custom:container-demuxer-ogg: 62fdf1f143b41e24485cea50d1cbac27 -> 
  custom:video-encoder-webm-vp8: eb34c28f22e8b96e1ab97ce403110664 -> 
  custom:video-decoder-webm-vp8: 9c59270c3fd7afecdb556c50c9e8de78 -> 
  custom:audio-decoder-ogg-vorbis: bf7c407c2cedff20999df2af8eb42d56 -> 
  custom:audio-encoder-webm-vorbis: bf7c407c2cedff20999df2af8eb42d56 -> 
========================================================================
Received Import Request.
  Time since last request: 187.504373 seconds.
  path: Assets/Scripts/BoardManager.cs
  artifactKey: Guid(702e25cea9a87d94bbaa0fa2ed0bcc88) Importer(815301076,1909f56bfc062723c751e8b465ee728b)
Start importing Assets/Scripts/BoardManager.cs using Guid(702e25cea9a87d94bbaa0fa2ed0bcc88) Importer(815301076,1909f56bfc062723c751e8b465ee728b)  -> (artifact id: '829d6f1a14fad546d25faeaaafd10251') in 0.029886 seconds 
  Import took 0.036046 seconds .

========================================================================
Received Import Request.
  Time since last request: 0.698705 seconds.
  path: Assets/Scripts/BoardManager.cs
  artifactKey: Guid(702e25cea9a87d94bbaa0fa2ed0bcc88) Importer(815301076,1909f56bfc062723c751e8b465ee728b)
Start importing Assets/Scripts/BoardManager.cs using Guid(702e25cea9a87d94bbaa0fa2ed0bcc88) Importer(815301076,1909f56bfc062723c751e8b465ee728b)  -> (artifact id: '829d6f1a14fad546d25faeaaafd10251') in 0.014206 seconds 
  Import took 0.032131 seconds .

========================================================================
Received Import Request.
  Time since last request: 766.121361 seconds.
  path: Assets/Scripts/BoardManager.cs
  artifactKey: Guid(702e25cea9a87d94bbaa0fa2ed0bcc88) Importer(815301076,1909f56bfc062723c751e8b465ee728b)
Start importing Assets/Scripts/BoardManager.cs using Guid(702e25cea9a87d94bbaa0fa2ed0bcc88) Importer(815301076,1909f56bfc062723c751e8b465ee728b)  -> (artifact id: '67b3443d95f122a32f634f448ae72c7b') in 0.243464 seconds 
  Import took 0.381383 seconds .

========================================================================
Received Prepare
Registering precompiled user dll's ...
Registered in 0.044172 seconds.
Begin MonoManager ReloadAssembly
Native extension for WindowsStandalone target not found
Native extension for WebGL target not found
Refreshing native plugins compatible for Editor in 0.74 ms, found 3 plugins.
Preloading 0 native plugins for Editor in 0.00 ms.
Mono: successfully reloaded assembly
- Completed reload, in  4.249 seconds
Platform modules already initialized, skipping
Refreshing native plugins compatible for Editor in 1.96 ms, found 3 plugins.
Preloading 0 native plugins for Editor in 0.00 ms.
Unloading 2081 Unused Serialized files (Serialized files now loaded: 0)
System memory in use before: 93.2 MB.
System memory in use after: 93.1 MB.

Unloading 21 unused Assets to reduce memory usage. Loaded Objects now: 2556.
Total: 11.316800 ms (FindLiveObjects: 4.377700 ms CreateObjectMapping: 0.339200 ms MarkObjects: 6.268700 ms  DeleteObjects: 0.329100 ms)

AssetImportParameters requested are different than current active one (requested -> active):
  custom:framework-win-MediaFoundation: 216162199b28c13a410421893ffa2e32 -> 
  custom:video-decoder-ogg-theora: a1e56fd34408186e4bbccfd4996cb3dc -> 
  custom:container-muxer-webm: aa71ff27fc2769a1b78a27578f13a17b -> 
  custom:container-demuxer-webm: 4f35f7cbe854078d1ac9338744f61a02 -> 
  custom:container-demuxer-ogg: 62fdf1f143b41e24485cea50d1cbac27 -> 
  custom:video-encoder-webm-vp8: eb34c28f22e8b96e1ab97ce403110664 -> 
  custom:video-decoder-webm-vp8: 9c59270c3fd7afecdb556c50c9e8de78 -> 
  custom:audio-decoder-ogg-vorbis: bf7c407c2cedff20999df2af8eb42d56 -> 
  custom:audio-encoder-webm-vorbis: bf7c407c2cedff20999df2af8eb42d56 -> 
========================================================================
Received Prepare
Registering precompiled user dll's ...
Registered in 0.043710 seconds.
Begin MonoManager ReloadAssembly
Native extension for WindowsStandalone target not found
Native extension for WebGL target not found
Refreshing native plugins compatible for Editor in 1.94 ms, found 3 plugins.
Preloading 0 native plugins for Editor in 0.00 ms.
Mono: successfully reloaded assembly
- Completed reload, in  4.455 seconds
Platform modules already initialized, skipping
Refreshing native plugins compatible for Editor in 0.62 ms, found 3 plugins.
Preloading 0 native plugins for Editor in 0.00 ms.
Unloading 2081 Unused Serialized files (Serialized files now loaded: 0)
System memory in use before: 93.2 MB.
System memory in use after: 93.1 MB.

Unloading 21 unused Assets to reduce memory usage. Loaded Objects now: 2560.
Total: 3.466100 ms (FindLiveObjects: 0.290600 ms CreateObjectMapping: 0.228800 ms MarkObjects: 2.454000 ms  DeleteObjects: 0.491300 ms)

AssetImportParameters requested are different than current active one (requested -> active):
  custom:framework-win-MediaFoundation: 216162199b28c13a410421893ffa2e32 -> 
  custom:video-decoder-ogg-theora: a1e56fd34408186e4bbccfd4996cb3dc -> 
  custom:container-muxer-webm: aa71ff27fc2769a1b78a27578f13a17b -> 
  custom:container-demuxer-webm: 4f35f7cbe854078d1ac9338744f61a02 -> 
  custom:container-demuxer-ogg: 62fdf1f143b41e24485cea50d1cbac27 -> 
  custom:video-encoder-webm-vp8: eb34c28f22e8b96e1ab97ce403110664 -> 
  custom:video-decoder-webm-vp8: 9c59270c3fd7afecdb556c50c9e8de78 -> 
  custom:audio-decoder-ogg-vorbis: bf7c407c2cedff20999df2af8eb42d56 -> 
  custom:audio-encoder-webm-vorbis: bf7c407c2cedff20999df2af8eb42d56 -> 
AssetImportWorkerClient::OnTransportError - code=2 error=End of file
